<?xml version="1.0" encoding="UTF-8"?>
<!-- Generated by org.testng.reporters.JUnitReportReporter -->
<testsuite skipped="0" hostname="LAPTOP-7VQ11PQH" name="xendit.xendit_qa_assesment.division" tests="11" failures="0" timestamp="2021-02-08T14:03:30 IST" time="21.093" errors="0">
  <testcase name="openOnlineCalculator" time="14.877" classname="xendit.xendit_qa_assesment.division"/>
  <system-out/>
  <testcase name="TC9" time="0.872" classname="xendit.xendit_qa_assesment.division"/>
  <system-out/>
  <testcase name="TC9Compare" time="0.051" classname="xendit.xendit_qa_assesment.division"/>
  <system-out/>
  <testcase name="TC10" time="1.217" classname="xendit.xendit_qa_assesment.division"/>
  <system-out/>
  <testcase name="TC10Compare" time="0.046" classname="xendit.xendit_qa_assesment.division"/>
  <system-out/>
  <testcase name="TC11" time="1.208" classname="xendit.xendit_qa_assesment.division"/>
  <system-out/>
  <testcase name="TC11Compare" time="0.100" classname="xendit.xendit_qa_assesment.division"/>
  <system-out/>
  <testcase name="TC12" time="1.240" classname="xendit.xendit_qa_assesment.division"/>
  <system-out/>
  <testcase name="TC12Compare" time="0.039" classname="xendit.xendit_qa_assesment.division"/>
  <system-out/>
  <testcase name="TC13" time="1.309" classname="xendit.xendit_qa_assesment.division"/>
  <system-out/>
  <testcase name="TC13Compare" time="0.134" classname="xendit.xendit_qa_assesment.division"/>
  <system-out/>
</testsuite> <!-- xendit.xendit_qa_assesment.division -->
