<?xml version="1.0" encoding="UTF-8"?>
<!-- Generated by org.testng.reporters.JUnitReportReporter -->
<testsuite skipped="0" hostname="LAPTOP-7VQ11PQH" name="xendit.xendit_qa_assesment.addition" tests="11" failures="0" timestamp="2021-02-08T14:03:30 IST" time="23.900" errors="0">
  <testcase name="openOnlineCalculator" time="15.640" classname="xendit.xendit_qa_assesment.addition"/>
  <system-out/>
  <testcase name="TC1" time="1.347" classname="xendit.xendit_qa_assesment.addition"/>
  <system-out/>
  <testcase name="TC1Compare" time="0.295" classname="xendit.xendit_qa_assesment.addition"/>
  <system-out/>
  <testcase name="TC2" time="1.704" classname="xendit.xendit_qa_assesment.addition"/>
  <system-out/>
  <testcase name="TC2Compare" time="0.092" classname="xendit.xendit_qa_assesment.addition"/>
  <system-out/>
  <testcase name="TC3" time="1.641" classname="xendit.xendit_qa_assesment.addition"/>
  <system-out/>
  <testcase name="TC3Compare" time="0.140" classname="xendit.xendit_qa_assesment.addition"/>
  <system-out/>
  <testcase name="TC4" time="1.612" classname="xendit.xendit_qa_assesment.addition"/>
  <system-out/>
  <testcase name="TC4Compare" time="0.134" classname="xendit.xendit_qa_assesment.addition"/>
  <system-out/>
  <testcase name="TC5" time="1.256" classname="xendit.xendit_qa_assesment.addition"/>
  <system-out/>
  <testcase name="TC5Compare" time="0.039" classname="xendit.xendit_qa_assesment.addition"/>
  <system-out/>
</testsuite> <!-- xendit.xendit_qa_assesment.addition -->
